# Logfile created on 2014-01-21 18:04:43 +0400 by logger.rb/44203
I, [2014-01-21T18:04:43.594703 #73437]  INFO -- : 0:  rake (10.1.0) from /Users/user/.rvm/rubies/ruby-2.1.0/lib/ruby/gems/2.1.0/specifications/default/rake-10.1.0.gemspec
I, [2014-01-21T18:04:45.274555 #73437]  INFO -- : 0:  i18n (0.6.1) from /Users/user/.rvm/gems/ruby-2.1.0/specifications/i18n-0.6.1.gemspec
I, [2014-01-21T18:04:46.691164 #73437]  INFO -- : 0:  multi_json (1.3.7) from /Users/user/.rvm/gems/ruby-2.1.0/specifications/multi_json-1.3.7.gemspec
I, [2014-01-21T18:04:49.657269 #73437]  INFO -- : 0:  activesupport (3.2.9) from /Users/user/.rvm/gems/ruby-2.1.0/specifications/activesupport-3.2.9.gemspec
I, [2014-01-21T18:04:51.197408 #73437]  INFO -- : 0:  builder (3.0.4) from /Users/user/.rvm/gems/ruby-2.1.0/specifications/builder-3.0.4.gemspec
I, [2014-01-21T18:04:53.720626 #73437]  INFO -- : 0:  activemodel (3.2.9) from /Users/user/.rvm/gems/ruby-2.1.0/specifications/activemodel-3.2.9.gemspec
I, [2014-01-21T18:04:53.721082 #73437]  INFO -- : 0:  erubis (2.7.0) from /Users/user/.rvm/gems/ruby-2.1.0/specifications/erubis-2.7.0.gemspec
I, [2014-01-21T18:04:55.827386 #73437]  INFO -- : 0:  journey (1.0.4) from /Users/user/.rvm/gems/ruby-2.1.0/specifications/journey-1.0.4.gemspec
I, [2014-01-21T18:04:57.759321 #73437]  INFO -- : 0:  rack (1.4.1) from /Users/user/.rvm/gems/ruby-2.1.0/specifications/rack-1.4.1.gemspec
I, [2014-01-21T18:05:00.777615 #73437]  INFO -- : 0:  rack-cache (1.2) from /Users/user/.rvm/gems/ruby-2.1.0/specifications/rack-cache-1.2.gemspec
I, [2014-01-21T18:05:00.778108 #73437]  INFO -- : 0:  rack-test (0.6.2) from /Users/user/.rvm/gems/ruby-2.1.0/specifications/rack-test-0.6.2.gemspec
I, [2014-01-21T18:05:02.121222 #73437]  INFO -- : 0:  hike (1.2.1) from /Users/user/.rvm/gems/ruby-2.1.0/specifications/hike-1.2.1.gemspec
I, [2014-01-21T18:05:03.641114 #73437]  INFO -- : 0:  tilt (1.3.3) from /Users/user/.rvm/gems/ruby-2.1.0/specifications/tilt-1.3.3.gemspec
I, [2014-01-21T18:05:05.180494 #73437]  INFO -- : 0:  sprockets (2.2.1) from /Users/user/.rvm/gems/ruby-2.1.0/specifications/sprockets-2.2.1.gemspec
I, [2014-01-21T18:05:07.356909 #73437]  INFO -- : 0:  actionpack (3.2.9) from /Users/user/.rvm/gems/ruby-2.1.0/specifications/actionpack-3.2.9.gemspec
I, [2014-01-21T18:05:08.978519 #73437]  INFO -- : 0:  mime-types (1.19) from /Users/user/.rvm/gems/ruby-2.1.0/specifications/mime-types-1.19.gemspec
I, [2014-01-21T18:05:08.978932 #73437]  INFO -- : 0:  polyglot (0.3.3) from /Users/user/.rvm/gems/ruby-2.1.0/specifications/polyglot-0.3.3.gemspec
I, [2014-01-21T18:05:08.979257 #73437]  INFO -- : 0:  treetop (1.4.15) from /Users/user/.rvm/gems/ruby-2.1.0/specifications/treetop-1.4.15.gemspec
I, [2014-01-21T18:05:11.764527 #73437]  INFO -- : 0:  mail (2.4.4) from /Users/user/.rvm/gems/ruby-2.1.0/specifications/mail-2.4.4.gemspec
I, [2014-01-21T18:05:13.215166 #73437]  INFO -- : 0:  actionmailer (3.2.9) from /Users/user/.rvm/gems/ruby-2.1.0/specifications/actionmailer-3.2.9.gemspec
I, [2014-01-21T18:05:13.215648 #73437]  INFO -- : 0:  arbre (1.0.1) from /Users/user/.rvm/gems/ruby-2.1.0/specifications/arbre-1.0.1.gemspec
I, [2014-01-21T18:05:16.445394 #73437]  INFO -- : 0:  sass (3.2.3) from /Users/user/.rvm/gems/ruby-2.1.0/specifications/sass-3.2.3.gemspec
I, [2014-01-21T18:05:18.102508 #73437]  INFO -- : 0:  thor (0.16.0) from /Users/user/.rvm/gems/ruby-2.1.0/specifications/thor-0.16.0.gemspec
I, [2014-01-21T18:05:19.572623 #73437]  INFO -- : 0:  bourbon (3.1.3) from /Users/user/.rvm/gems/ruby-2.1.0/specifications/bourbon-3.1.3.gemspec
I, [2014-01-21T18:05:19.573312 #73437]  INFO -- : 0:  bcrypt-ruby (3.1.2) from /Users/user/.rvm/gems/ruby-2.1.0/specifications/bcrypt-ruby-3.1.2.gemspec
I, [2014-01-21T18:05:21.058963 #73437]  INFO -- : 0:  orm_adapter (0.4.0) from /Users/user/.rvm/gems/ruby-2.1.0/specifications/orm_adapter-0.4.0.gemspec
I, [2014-01-21T18:05:22.451822 #73437]  INFO -- : 0:  rack-ssl (1.3.2) from /Users/user/.rvm/gems/ruby-2.1.0/specifications/rack-ssl-1.3.2.gemspec
I, [2014-01-21T18:05:25.902962 #73437]  INFO -- : 0:  json (1.7.5) from /Users/user/.rvm/gems/ruby-2.1.0/specifications/json-1.7.5.gemspec
I, [2014-01-21T18:05:29.082814 #73437]  INFO -- : 0:  rdoc (3.12) from /Users/user/.rvm/gems/ruby-2.1.0/specifications/rdoc-3.12.gemspec
I, [2014-01-21T18:05:42.708003 #73437]  INFO -- : 0:  railties (3.2.9) from /Users/user/.rvm/gems/ruby-2.1.0/specifications/railties-3.2.9.gemspec
I, [2014-01-21T18:05:42.708706 #73437]  INFO -- : 0:  atomic (1.1.14) from /Users/user/.rvm/gems/ruby-2.1.0/specifications/atomic-1.1.14.gemspec
I, [2014-01-21T18:05:42.709250 #73437]  INFO -- : 0:  thread_safe (0.1.3) from /Users/user/.rvm/gems/ruby-2.1.0/specifications/thread_safe-0.1.3.gemspec
I, [2014-01-21T18:05:42.709735 #73437]  INFO -- : 0:  warden (1.2.3) from /Users/user/.rvm/gems/ruby-2.1.0/specifications/warden-1.2.3.gemspec
I, [2014-01-21T18:05:46.884034 #73437]  INFO -- : 0:  devise (3.1.0) from /Users/user/.rvm/gems/ruby-2.1.0/specifications/devise-3.1.0.gemspec
I, [2014-01-21T18:05:49.364273 #73437]  INFO -- : 0:  fastercsv (1.5.5) from /Users/user/.rvm/gems/ruby-2.1.0/specifications/fastercsv-1.5.5.gemspec
I, [2014-01-21T18:05:53.520796 #73437]  INFO -- : 0:  formtastic (2.2.1) from /Users/user/.rvm/gems/ruby-2.1.0/specifications/formtastic-2.2.1.gemspec
I, [2014-01-21T18:05:59.054051 #73437]  INFO -- : 0:  has_scope (0.5.1) from /Users/user/.rvm/gems/ruby-2.1.0/specifications/has_scope-0.5.1.gemspec
I, [2014-01-21T18:06:01.339859 #73437]  INFO -- : 0:  responders (0.9.3) from /Users/user/.rvm/gems/ruby-2.1.0/specifications/responders-0.9.3.gemspec
I, [2014-01-21T18:06:02.938937 #73437]  INFO -- : 0:  inherited_resources (1.3.1) from /Users/user/.rvm/gems/ruby-2.1.0/specifications/inherited_resources-1.3.1.gemspec
I, [2014-01-21T18:06:02.939438 #73437]  INFO -- : 0:  jquery-rails (3.0.4) from /Users/user/.rvm/gems/ruby-2.1.0/specifications/jquery-rails-3.0.4.gemspec
I, [2014-01-21T18:06:02.939816 #73437]  INFO -- : 0:  kaminari (0.14.1) from /Users/user/.rvm/gems/ruby-2.1.0/specifications/kaminari-0.14.1.gemspec
I, [2014-01-21T18:06:05.739891 #73437]  INFO -- : 0:  arel (3.0.2) from /Users/user/.rvm/gems/ruby-2.1.0/specifications/arel-3.0.2.gemspec
I, [2014-01-21T18:06:05.740384 #73437]  INFO -- : 0:  tzinfo (0.3.38) from /Users/user/.rvm/gems/ruby-2.1.0/specifications/tzinfo-0.3.38.gemspec
I, [2014-01-21T18:06:08.777816 #73437]  INFO -- : 0:  activerecord (3.2.9) from /Users/user/.rvm/gems/ruby-2.1.0/specifications/activerecord-3.2.9.gemspec
I, [2014-01-21T18:06:10.124634 #73437]  INFO -- : 0:  polyamorous (0.5.0) from /Users/user/.rvm/gems/ruby-2.1.0/specifications/polyamorous-0.5.0.gemspec
I, [2014-01-21T18:06:12.248022 #73437]  INFO -- : 0:  meta_search (1.1.3) from /Users/user/.rvm/gems/ruby-2.1.0/specifications/meta_search-1.1.3.gemspec
I, [2014-01-21T18:06:13.744771 #73437]  INFO -- : 0:  activeresource (3.2.9) from /Users/user/.rvm/gems/ruby-2.1.0/specifications/activeresource-3.2.9.gemspec
I, [2014-01-21T18:06:13.745182 #73437]  INFO -- : 0:  bundler (1.5.0) from /Users/user/.rvm/gems/ruby-2.1.0@global/specifications/bundler-1.5.0.gemspec
I, [2014-01-21T18:06:15.097512 #73437]  INFO -- : 0:  rails (3.2.9) from /Users/user/.rvm/gems/ruby-2.1.0/specifications/rails-3.2.9.gemspec
I, [2014-01-21T18:06:19.334724 #73437]  INFO -- : 0:  activeadmin (0.6.0) from /Users/user/.rvm/gems/ruby-2.1.0/specifications/activeadmin-0.6.0.gemspec
I, [2014-01-21T18:06:19.335212 #73437]  INFO -- : 0:  htmlentities (4.3.1) from /Users/user/.rvm/gems/ruby-2.1.0/specifications/htmlentities-4.3.1.gemspec
I, [2014-01-21T18:06:20.691606 #73437]  INFO -- : 0:  mini_portile (0.5.1) from /Users/user/.rvm/gems/ruby-2.1.0/specifications/mini_portile-0.5.1.gemspec
I, [2014-01-21T18:09:49.410146 #73437]  INFO -- : 0:  nokogiri (1.6.0) from /Users/user/.rvm/gems/ruby-2.1.0/specifications/nokogiri-1.6.0.gemspec
I, [2014-01-21T18:09:49.411037 #73437]  INFO -- : 0:  rubyzip (1.0.0) from /Users/user/.rvm/gems/ruby-2.1.0/specifications/rubyzip-1.0.0.gemspec
I, [2014-01-21T18:09:49.411595 #73437]  INFO -- : 0:  axlsx (2.0.1) from /Users/user/.rvm/gems/ruby-2.1.0/specifications/axlsx-2.0.1.gemspec
I, [2014-01-21T18:09:49.473249 #73437]  INFO -- : 0:  activeadmin-axlsx (3.0.0) from /Users/user/Develop/activeadmin-axlsx/activeadmin-axlsx.gemspec
I, [2014-01-21T18:09:53.252094 #73437]  INFO -- : 0:  addressable (2.3.2) from /Users/user/.rvm/gems/ruby-2.1.0/specifications/addressable-2.3.2.gemspec
I, [2014-01-21T18:10:02.681118 #73437]  INFO -- : 0:  ffi (1.2.0) from /Users/user/.rvm/gems/ruby-2.1.0/specifications/ffi-1.2.0.gemspec
I, [2014-01-21T18:10:04.212425 #73437]  INFO -- : 0:  childprocess (0.3.6) from /Users/user/.rvm/gems/ruby-2.1.0/specifications/childprocess-0.3.6.gemspec
I, [2014-01-21T18:10:05.713398 #73437]  INFO -- : 0:  websocket (1.0.3) from /Users/user/.rvm/gems/ruby-2.1.0/specifications/websocket-1.0.3.gemspec
I, [2014-01-21T18:10:07.589699 #73437]  INFO -- : 0:  libwebsocket (0.1.6.1) from /Users/user/.rvm/gems/ruby-2.1.0/specifications/libwebsocket-0.1.6.1.gemspec
I, [2014-01-21T18:10:34.972608 #73437]  INFO -- : 0:  selenium-webdriver (2.26.0) from /Users/user/.rvm/gems/ruby-2.1.0/specifications/selenium-webdriver-2.26.0.gemspec
I, [2014-01-21T18:10:37.648590 #73437]  INFO -- : 0:  xpath (0.1.4) from /Users/user/.rvm/gems/ruby-2.1.0/specifications/xpath-0.1.4.gemspec
I, [2014-01-21T18:10:39.864055 #73437]  INFO -- : 0:  capybara (1.1.2) from /Users/user/.rvm/gems/ruby-2.1.0/specifications/capybara-1.1.2.gemspec
I, [2014-01-21T18:10:41.667330 #73437]  INFO -- : 0:  coderay (1.0.8) from /Users/user/.rvm/gems/ruby-2.1.0/specifications/coderay-1.0.8.gemspec
I, [2014-01-21T18:10:43.160103 #73437]  INFO -- : 0:  coffee-script-source (1.4.0) from /Users/user/.rvm/gems/ruby-2.1.0/specifications/coffee-script-source-1.4.0.gemspec
I, [2014-01-21T18:10:46.366928 #73437]  INFO -- : 0:  execjs (1.4.0) from /Users/user/.rvm/gems/ruby-2.1.0/specifications/execjs-1.4.0.gemspec
I, [2014-01-21T18:10:46.367375 #73437]  INFO -- : 0:  coffee-script (2.2.0) from /Users/user/.rvm/gems/ruby-2.1.0/specifications/coffee-script-2.2.0.gemspec
I, [2014-01-21T18:10:50.225489 #73437]  INFO -- : 0:  diff-lcs (1.1.3) from /Users/user/.rvm/gems/ruby-2.1.0/specifications/diff-lcs-1.1.3.gemspec
I, [2014-01-21T18:11:13.281856 #73437]  INFO -- : 0:  gherkin (2.11.5) from /Users/user/.rvm/gems/ruby-2.1.0/specifications/gherkin-2.11.5.gemspec
I, [2014-01-21T18:11:21.760393 #73437]  INFO -- : 0:  cucumber (1.2.1) from /Users/user/.rvm/gems/ruby-2.1.0/specifications/cucumber-1.2.1.gemspec
I, [2014-01-21T18:11:26.239951 #73437]  INFO -- : 0:  cucumber-rails (1.2.1) from /Users/user/.rvm/gems/ruby-2.1.0/specifications/cucumber-rails-1.2.1.gemspec
I, [2014-01-21T18:11:27.795464 #73437]  INFO -- : 0:  database_cleaner (0.9.1) from /Users/user/.rvm/gems/ruby-2.1.0/specifications/database_cleaner-0.9.1.gemspec
I, [2014-01-21T18:11:29.879271 #73437]  INFO -- : 0:  listen (0.5.3) from /Users/user/.rvm/gems/ruby-2.1.0/specifications/listen-0.5.3.gemspec
I, [2014-01-21T18:11:32.952977 #73437]  INFO -- : 0:  lumberjack (1.0.2) from /Users/user/.rvm/gems/ruby-2.1.0/specifications/lumberjack-1.0.2.gemspec
I, [2014-01-21T18:11:41.829106 #73437]  INFO -- : 0:  method_source (0.8.1) from /Users/user/.rvm/gems/ruby-2.1.0/specifications/method_source-0.8.1.gemspec
I, [2014-01-21T18:11:46.634813 #73437]  INFO -- : 0:  slop (3.3.3) from /Users/user/.rvm/gems/ruby-2.1.0/specifications/slop-3.3.3.gemspec
I, [2014-01-21T18:11:50.488210 #73437]  INFO -- : 0:  pry (0.9.10) from /Users/user/.rvm/gems/ruby-2.1.0/specifications/pry-0.9.10.gemspec
I, [2014-01-21T18:11:54.480742 #73437]  INFO -- : 0:  guard (1.5.4) from /Users/user/.rvm/gems/ruby-2.1.0/specifications/guard-1.5.4.gemspec
I, [2014-01-21T18:11:55.933168 #73437]  INFO -- : 0:  guard-coffeescript (1.2.1) from /Users/user/.rvm/gems/ruby-2.1.0/specifications/guard-coffeescript-1.2.1.gemspec
I, [2014-01-21T18:11:57.331752 #73437]  INFO -- : 0:  guard-rspec (1.2.1) from /Users/user/.rvm/gems/ruby-2.1.0/specifications/guard-rspec-1.2.1.gemspec
I, [2014-01-21T18:12:11.330663 #73437]  INFO -- : 0:  haml (3.1.7) from /Users/user/.rvm/gems/ruby-2.1.0/specifications/haml-3.1.7.gemspec
I, [2014-01-21T18:12:16.593675 #73437]  INFO -- : 0:  jasmine-core (1.2.0) from /Users/user/.rvm/gems/ruby-2.1.0/specifications/jasmine-core-1.2.0.gemspec
I, [2014-01-21T18:12:22.938859 #73437]  INFO -- : 0:  rspec-core (2.9.0) from /Users/user/.rvm/gems/ruby-2.1.0/specifications/rspec-core-2.9.0.gemspec
I, [2014-01-21T18:12:25.636272 #73437]  INFO -- : 0:  rspec-expectations (2.9.1) from /Users/user/.rvm/gems/ruby-2.1.0/specifications/rspec-expectations-2.9.1.gemspec
I, [2014-01-21T18:12:28.595211 #73437]  INFO -- : 0:  rspec-mocks (2.9.0) from /Users/user/.rvm/gems/ruby-2.1.0/specifications/rspec-mocks-2.9.0.gemspec
I, [2014-01-21T18:12:31.111486 #73437]  INFO -- : 0:  rspec (2.9.0) from /Users/user/.rvm/gems/ruby-2.1.0/specifications/rspec-2.9.0.gemspec
I, [2014-01-21T18:13:10.456542 #73437]  INFO -- : 0:  jasmine (1.2.1) from /Users/user/.rvm/gems/ruby-2.1.0/specifications/jasmine-1.2.1.gemspec
I, [2014-01-21T18:13:17.383225 #73437]  INFO -- : 0:  jslint_on_rails (1.0.7) from /Users/user/.rvm/gems/ruby-2.1.0/specifications/jslint_on_rails-1.0.7.gemspec
I, [2014-01-21T18:13:18.827367 #73437]  INFO -- : 0:  launchy (2.1.2) from /Users/user/.rvm/gems/ruby-2.1.0/specifications/launchy-2.1.2.gemspec
I, [2014-01-21T18:13:20.706405 #73437]  INFO -- : 0:  rails-i18n (0.7.0) from /Users/user/.rvm/gems/ruby-2.1.0/specifications/rails-i18n-0.7.0.gemspec
I, [2014-01-21T18:13:24.822534 #73437]  INFO -- : 0:  rdiscount (1.6.8) from /Users/user/.rvm/gems/ruby-2.1.0/specifications/rdiscount-1.6.8.gemspec
I, [2014-01-21T18:13:26.544603 #73437]  INFO -- : 0:  rspec-rails (2.9.0) from /Users/user/.rvm/gems/ruby-2.1.0/specifications/rspec-rails-2.9.0.gemspec
I, [2014-01-21T18:13:28.776313 #73437]  INFO -- : 0:  sass-rails (3.2.5) from /Users/user/.rvm/gems/ruby-2.1.0/specifications/sass-rails-3.2.5.gemspec
I, [2014-01-21T18:13:30.205039 #73437]  INFO -- : 0:  shoulda-matchers (1.0.0) from /Users/user/.rvm/gems/ruby-2.1.0/specifications/shoulda-matchers-1.0.0.gemspec
I, [2014-01-21T18:13:32.480982 #73437]  INFO -- : 0:  simplecov-html (0.7.1) from /Users/user/.rvm/gems/ruby-2.1.0/specifications/simplecov-html-0.7.1.gemspec
I, [2014-01-21T18:13:34.178311 #73437]  INFO -- : 0:  simplecov (0.7.1) from /Users/user/.rvm/gems/ruby-2.1.0/specifications/simplecov-0.7.1.gemspec
I, [2014-01-21T18:13:37.659812 #73437]  INFO -- : 0:  sqlite3 (1.3.6) from /Users/user/.rvm/gems/ruby-2.1.0/specifications/sqlite3-1.3.6.gemspec
I, [2014-01-21T18:13:46.768069 #73437]  INFO -- : 0:  yard (0.8.6.1) from /Users/user/.rvm/gems/ruby-2.1.0/specifications/yard-0.8.6.1.gemspec
I, [2014-01-21T18:16:02.218022 #92017]  INFO -- : 0:  rake (10.1.1) from /Users/user/.rvm/gems/ruby-2.1.0/specifications/rake-10.1.1.gemspec
I, [2014-01-21T18:16:02.218521 #92017]  INFO -- : 0:  i18n (0.6.1) from /Users/user/.rvm/gems/ruby-2.1.0/specifications/i18n-0.6.1.gemspec
I, [2014-01-21T18:16:02.218837 #92017]  INFO -- : 0:  multi_json (1.3.7) from /Users/user/.rvm/gems/ruby-2.1.0/specifications/multi_json-1.3.7.gemspec
I, [2014-01-21T18:16:02.219135 #92017]  INFO -- : 0:  activesupport (3.2.9) from /Users/user/.rvm/gems/ruby-2.1.0/specifications/activesupport-3.2.9.gemspec
I, [2014-01-21T18:16:02.219431 #92017]  INFO -- : 0:  builder (3.0.4) from /Users/user/.rvm/gems/ruby-2.1.0/specifications/builder-3.0.4.gemspec
I, [2014-01-21T18:16:02.219717 #92017]  INFO -- : 0:  activemodel (3.2.9) from /Users/user/.rvm/gems/ruby-2.1.0/specifications/activemodel-3.2.9.gemspec
I, [2014-01-21T18:16:02.219989 #92017]  INFO -- : 0:  erubis (2.7.0) from /Users/user/.rvm/gems/ruby-2.1.0/specifications/erubis-2.7.0.gemspec
I, [2014-01-21T18:16:02.220274 #92017]  INFO -- : 0:  journey (1.0.4) from /Users/user/.rvm/gems/ruby-2.1.0/specifications/journey-1.0.4.gemspec
I, [2014-01-21T18:16:02.220542 #92017]  INFO -- : 0:  rack (1.4.1) from /Users/user/.rvm/gems/ruby-2.1.0/specifications/rack-1.4.1.gemspec
I, [2014-01-21T18:16:02.220818 #92017]  INFO -- : 0:  rack-cache (1.2) from /Users/user/.rvm/gems/ruby-2.1.0/specifications/rack-cache-1.2.gemspec
I, [2014-01-21T18:16:02.221095 #92017]  INFO -- : 0:  rack-test (0.6.2) from /Users/user/.rvm/gems/ruby-2.1.0/specifications/rack-test-0.6.2.gemspec
I, [2014-01-21T18:16:02.221394 #92017]  INFO -- : 0:  hike (1.2.1) from /Users/user/.rvm/gems/ruby-2.1.0/specifications/hike-1.2.1.gemspec
I, [2014-01-21T18:16:02.221678 #92017]  INFO -- : 0:  tilt (1.3.3) from /Users/user/.rvm/gems/ruby-2.1.0/specifications/tilt-1.3.3.gemspec
I, [2014-01-21T18:16:02.221959 #92017]  INFO -- : 0:  sprockets (2.2.1) from /Users/user/.rvm/gems/ruby-2.1.0/specifications/sprockets-2.2.1.gemspec
I, [2014-01-21T18:16:02.222233 #92017]  INFO -- : 0:  actionpack (3.2.9) from /Users/user/.rvm/gems/ruby-2.1.0/specifications/actionpack-3.2.9.gemspec
I, [2014-01-21T18:16:02.222516 #92017]  INFO -- : 0:  mime-types (1.19) from /Users/user/.rvm/gems/ruby-2.1.0/specifications/mime-types-1.19.gemspec
I, [2014-01-21T18:16:02.222791 #92017]  INFO -- : 0:  polyglot (0.3.3) from /Users/user/.rvm/gems/ruby-2.1.0/specifications/polyglot-0.3.3.gemspec
I, [2014-01-21T18:16:02.223053 #92017]  INFO -- : 0:  treetop (1.4.15) from /Users/user/.rvm/gems/ruby-2.1.0/specifications/treetop-1.4.15.gemspec
I, [2014-01-21T18:16:02.223327 #92017]  INFO -- : 0:  mail (2.4.4) from /Users/user/.rvm/gems/ruby-2.1.0/specifications/mail-2.4.4.gemspec
I, [2014-01-21T18:16:02.223598 #92017]  INFO -- : 0:  actionmailer (3.2.9) from /Users/user/.rvm/gems/ruby-2.1.0/specifications/actionmailer-3.2.9.gemspec
I, [2014-01-21T18:16:02.223870 #92017]  INFO -- : 0:  arbre (1.0.1) from /Users/user/.rvm/gems/ruby-2.1.0/specifications/arbre-1.0.1.gemspec
I, [2014-01-21T18:16:02.224147 #92017]  INFO -- : 0:  sass (3.2.3) from /Users/user/.rvm/gems/ruby-2.1.0/specifications/sass-3.2.3.gemspec
I, [2014-01-21T18:16:02.224424 #92017]  INFO -- : 0:  thor (0.16.0) from /Users/user/.rvm/gems/ruby-2.1.0/specifications/thor-0.16.0.gemspec
I, [2014-01-21T18:16:02.224701 #92017]  INFO -- : 0:  bourbon (3.1.3) from /Users/user/.rvm/gems/ruby-2.1.0/specifications/bourbon-3.1.3.gemspec
I, [2014-01-21T18:16:02.224970 #92017]  INFO -- : 0:  bcrypt-ruby (3.1.2) from /Users/user/.rvm/gems/ruby-2.1.0/specifications/bcrypt-ruby-3.1.2.gemspec
I, [2014-01-21T18:16:02.225256 #92017]  INFO -- : 0:  orm_adapter (0.4.0) from /Users/user/.rvm/gems/ruby-2.1.0/specifications/orm_adapter-0.4.0.gemspec
I, [2014-01-21T18:16:02.225514 #92017]  INFO -- : 0:  rack-ssl (1.3.2) from /Users/user/.rvm/gems/ruby-2.1.0/specifications/rack-ssl-1.3.2.gemspec
I, [2014-01-21T18:16:02.225802 #92017]  INFO -- : 0:  json (1.7.5) from /Users/user/.rvm/gems/ruby-2.1.0/specifications/json-1.7.5.gemspec
I, [2014-01-21T18:16:02.226144 #92017]  INFO -- : 0:  rdoc (3.12) from /Users/user/.rvm/gems/ruby-2.1.0/specifications/rdoc-3.12.gemspec
I, [2014-01-21T18:16:02.226491 #92017]  INFO -- : 0:  railties (3.2.9) from /Users/user/.rvm/gems/ruby-2.1.0/specifications/railties-3.2.9.gemspec
I, [2014-01-21T18:16:02.226836 #92017]  INFO -- : 0:  atomic (1.1.14) from /Users/user/.rvm/gems/ruby-2.1.0/specifications/atomic-1.1.14.gemspec
I, [2014-01-21T18:16:02.227459 #92017]  INFO -- : 0:  thread_safe (0.1.3) from /Users/user/.rvm/gems/ruby-2.1.0/specifications/thread_safe-0.1.3.gemspec
I, [2014-01-21T18:16:02.227943 #92017]  INFO -- : 0:  warden (1.2.3) from /Users/user/.rvm/gems/ruby-2.1.0/specifications/warden-1.2.3.gemspec
I, [2014-01-21T18:16:02.228271 #92017]  INFO -- : 0:  devise (3.1.0) from /Users/user/.rvm/gems/ruby-2.1.0/specifications/devise-3.1.0.gemspec
I, [2014-01-21T18:16:02.228548 #92017]  INFO -- : 0:  fastercsv (1.5.5) from /Users/user/.rvm/gems/ruby-2.1.0/specifications/fastercsv-1.5.5.gemspec
I, [2014-01-21T18:16:02.228839 #92017]  INFO -- : 0:  formtastic (2.2.1) from /Users/user/.rvm/gems/ruby-2.1.0/specifications/formtastic-2.2.1.gemspec
I, [2014-01-21T18:16:02.229125 #92017]  INFO -- : 0:  has_scope (0.5.1) from /Users/user/.rvm/gems/ruby-2.1.0/specifications/has_scope-0.5.1.gemspec
I, [2014-01-21T18:16:02.229417 #92017]  INFO -- : 0:  responders (0.9.3) from /Users/user/.rvm/gems/ruby-2.1.0/specifications/responders-0.9.3.gemspec
I, [2014-01-21T18:16:02.229708 #92017]  INFO -- : 0:  inherited_resources (1.3.1) from /Users/user/.rvm/gems/ruby-2.1.0/specifications/inherited_resources-1.3.1.gemspec
I, [2014-01-21T18:16:02.230009 #92017]  INFO -- : 0:  jquery-rails (3.0.4) from /Users/user/.rvm/gems/ruby-2.1.0/specifications/jquery-rails-3.0.4.gemspec
I, [2014-01-21T18:16:02.230293 #92017]  INFO -- : 0:  kaminari (0.14.1) from /Users/user/.rvm/gems/ruby-2.1.0/specifications/kaminari-0.14.1.gemspec
I, [2014-01-21T18:16:02.230577 #92017]  INFO -- : 0:  arel (3.0.2) from /Users/user/.rvm/gems/ruby-2.1.0/specifications/arel-3.0.2.gemspec
I, [2014-01-21T18:16:02.230849 #92017]  INFO -- : 0:  tzinfo (0.3.38) from /Users/user/.rvm/gems/ruby-2.1.0/specifications/tzinfo-0.3.38.gemspec
I, [2014-01-21T18:16:02.231152 #92017]  INFO -- : 0:  activerecord (3.2.9) from /Users/user/.rvm/gems/ruby-2.1.0/specifications/activerecord-3.2.9.gemspec
I, [2014-01-21T18:16:02.231415 #92017]  INFO -- : 0:  polyamorous (0.5.0) from /Users/user/.rvm/gems/ruby-2.1.0/specifications/polyamorous-0.5.0.gemspec
I, [2014-01-21T18:16:02.231685 #92017]  INFO -- : 0:  meta_search (1.1.3) from /Users/user/.rvm/gems/ruby-2.1.0/specifications/meta_search-1.1.3.gemspec
I, [2014-01-21T18:16:02.231953 #92017]  INFO -- : 0:  activeresource (3.2.9) from /Users/user/.rvm/gems/ruby-2.1.0/specifications/activeresource-3.2.9.gemspec
I, [2014-01-21T18:16:02.232220 #92017]  INFO -- : 0:  bundler (1.5.0) from /Users/user/.rvm/gems/ruby-2.1.0@global/specifications/bundler-1.5.0.gemspec
I, [2014-01-21T18:16:02.232513 #92017]  INFO -- : 0:  rails (3.2.9) from /Users/user/.rvm/gems/ruby-2.1.0/specifications/rails-3.2.9.gemspec
I, [2014-01-21T18:16:02.232808 #92017]  INFO -- : 0:  activeadmin (0.6.0) from /Users/user/.rvm/gems/ruby-2.1.0/specifications/activeadmin-0.6.0.gemspec
I, [2014-01-21T18:16:02.233091 #92017]  INFO -- : 0:  htmlentities (4.3.1) from /Users/user/.rvm/gems/ruby-2.1.0/specifications/htmlentities-4.3.1.gemspec
I, [2014-01-21T18:16:02.233474 #92017]  INFO -- : 0:  mini_portile (0.5.1) from /Users/user/.rvm/gems/ruby-2.1.0/specifications/mini_portile-0.5.1.gemspec
I, [2014-01-21T18:16:02.233783 #92017]  INFO -- : 0:  nokogiri (1.6.0) from /Users/user/.rvm/gems/ruby-2.1.0/specifications/nokogiri-1.6.0.gemspec
I, [2014-01-21T18:16:02.234083 #92017]  INFO -- : 0:  rubyzip (1.0.0) from /Users/user/.rvm/gems/ruby-2.1.0/specifications/rubyzip-1.0.0.gemspec
I, [2014-01-21T18:16:02.234365 #92017]  INFO -- : 0:  axlsx (2.0.1) from /Users/user/.rvm/gems/ruby-2.1.0/specifications/axlsx-2.0.1.gemspec
I, [2014-01-21T18:16:02.281049 #92017]  INFO -- : 0:  activeadmin-axlsx (3.0.0) from /Users/user/Develop/activeadmin-axlsx/activeadmin-axlsx.gemspec
I, [2014-01-21T18:16:02.281561 #92017]  INFO -- : 0:  addressable (2.3.2) from /Users/user/.rvm/gems/ruby-2.1.0/specifications/addressable-2.3.2.gemspec
I, [2014-01-21T18:16:02.282034 #92017]  INFO -- : 0:  ffi (1.2.0) from /Users/user/.rvm/gems/ruby-2.1.0/specifications/ffi-1.2.0.gemspec
I, [2014-01-21T18:16:02.282598 #92017]  INFO -- : 0:  childprocess (0.3.6) from /Users/user/.rvm/gems/ruby-2.1.0/specifications/childprocess-0.3.6.gemspec
I, [2014-01-21T18:16:02.283039 #92017]  INFO -- : 0:  websocket (1.0.3) from /Users/user/.rvm/gems/ruby-2.1.0/specifications/websocket-1.0.3.gemspec
I, [2014-01-21T18:16:02.283529 #92017]  INFO -- : 0:  libwebsocket (0.1.6.1) from /Users/user/.rvm/gems/ruby-2.1.0/specifications/libwebsocket-0.1.6.1.gemspec
I, [2014-01-21T18:16:02.284125 #92017]  INFO -- : 0:  selenium-webdriver (2.26.0) from /Users/user/.rvm/gems/ruby-2.1.0/specifications/selenium-webdriver-2.26.0.gemspec
I, [2014-01-21T18:16:02.284766 #92017]  INFO -- : 0:  xpath (0.1.4) from /Users/user/.rvm/gems/ruby-2.1.0/specifications/xpath-0.1.4.gemspec
I, [2014-01-21T18:16:02.285451 #92017]  INFO -- : 0:  capybara (1.1.2) from /Users/user/.rvm/gems/ruby-2.1.0/specifications/capybara-1.1.2.gemspec
I, [2014-01-21T18:16:02.286039 #92017]  INFO -- : 0:  coderay (1.0.8) from /Users/user/.rvm/gems/ruby-2.1.0/specifications/coderay-1.0.8.gemspec
I, [2014-01-21T18:16:02.286546 #92017]  INFO -- : 0:  coffee-script-source (1.4.0) from /Users/user/.rvm/gems/ruby-2.1.0/specifications/coffee-script-source-1.4.0.gemspec
I, [2014-01-21T18:16:02.287020 #92017]  INFO -- : 0:  execjs (1.4.0) from /Users/user/.rvm/gems/ruby-2.1.0/specifications/execjs-1.4.0.gemspec
I, [2014-01-21T18:16:02.287470 #92017]  INFO -- : 0:  coffee-script (2.2.0) from /Users/user/.rvm/gems/ruby-2.1.0/specifications/coffee-script-2.2.0.gemspec
I, [2014-01-21T18:16:02.287931 #92017]  INFO -- : 0:  diff-lcs (1.1.3) from /Users/user/.rvm/gems/ruby-2.1.0/specifications/diff-lcs-1.1.3.gemspec
I, [2014-01-21T18:16:02.288435 #92017]  INFO -- : 0:  gherkin (2.11.5) from /Users/user/.rvm/gems/ruby-2.1.0/specifications/gherkin-2.11.5.gemspec
I, [2014-01-21T18:16:02.288882 #92017]  INFO -- : 0:  cucumber (1.2.1) from /Users/user/.rvm/gems/ruby-2.1.0/specifications/cucumber-1.2.1.gemspec
I, [2014-01-21T18:16:02.289334 #92017]  INFO -- : 0:  cucumber-rails (1.2.1) from /Users/user/.rvm/gems/ruby-2.1.0/specifications/cucumber-rails-1.2.1.gemspec
I, [2014-01-21T18:16:02.289784 #92017]  INFO -- : 0:  database_cleaner (0.9.1) from /Users/user/.rvm/gems/ruby-2.1.0/specifications/database_cleaner-0.9.1.gemspec
I, [2014-01-21T18:16:02.290243 #92017]  INFO -- : 0:  listen (0.5.3) from /Users/user/.rvm/gems/ruby-2.1.0/specifications/listen-0.5.3.gemspec
I, [2014-01-21T18:16:02.290670 #92017]  INFO -- : 0:  lumberjack (1.0.2) from /Users/user/.rvm/gems/ruby-2.1.0/specifications/lumberjack-1.0.2.gemspec
I, [2014-01-21T18:16:02.291013 #92017]  INFO -- : 0:  method_source (0.8.1) from /Users/user/.rvm/gems/ruby-2.1.0/specifications/method_source-0.8.1.gemspec
I, [2014-01-21T18:16:02.291355 #92017]  INFO -- : 0:  slop (3.3.3) from /Users/user/.rvm/gems/ruby-2.1.0/specifications/slop-3.3.3.gemspec
I, [2014-01-21T18:16:02.291699 #92017]  INFO -- : 0:  pry (0.9.10) from /Users/user/.rvm/gems/ruby-2.1.0/specifications/pry-0.9.10.gemspec
I, [2014-01-21T18:16:02.292037 #92017]  INFO -- : 0:  guard (1.5.4) from /Users/user/.rvm/gems/ruby-2.1.0/specifications/guard-1.5.4.gemspec
I, [2014-01-21T18:16:02.292384 #92017]  INFO -- : 0:  guard-coffeescript (1.2.1) from /Users/user/.rvm/gems/ruby-2.1.0/specifications/guard-coffeescript-1.2.1.gemspec
I, [2014-01-21T18:16:02.292732 #92017]  INFO -- : 0:  guard-rspec (1.2.1) from /Users/user/.rvm/gems/ruby-2.1.0/specifications/guard-rspec-1.2.1.gemspec
I, [2014-01-21T18:16:02.293065 #92017]  INFO -- : 0:  haml (3.1.7) from /Users/user/.rvm/gems/ruby-2.1.0/specifications/haml-3.1.7.gemspec
I, [2014-01-21T18:16:02.293402 #92017]  INFO -- : 0:  jasmine-core (1.2.0) from /Users/user/.rvm/gems/ruby-2.1.0/specifications/jasmine-core-1.2.0.gemspec
I, [2014-01-21T18:16:02.293744 #92017]  INFO -- : 0:  rspec-core (2.9.0) from /Users/user/.rvm/gems/ruby-2.1.0/specifications/rspec-core-2.9.0.gemspec
I, [2014-01-21T18:16:02.294094 #92017]  INFO -- : 0:  rspec-expectations (2.9.1) from /Users/user/.rvm/gems/ruby-2.1.0/specifications/rspec-expectations-2.9.1.gemspec
I, [2014-01-21T18:16:02.294428 #92017]  INFO -- : 0:  rspec-mocks (2.9.0) from /Users/user/.rvm/gems/ruby-2.1.0/specifications/rspec-mocks-2.9.0.gemspec
I, [2014-01-21T18:16:02.294770 #92017]  INFO -- : 0:  rspec (2.9.0) from /Users/user/.rvm/gems/ruby-2.1.0/specifications/rspec-2.9.0.gemspec
I, [2014-01-21T18:16:02.295129 #92017]  INFO -- : 0:  jasmine (1.2.1) from /Users/user/.rvm/gems/ruby-2.1.0/specifications/jasmine-1.2.1.gemspec
I, [2014-01-21T18:16:02.295472 #92017]  INFO -- : 0:  jslint_on_rails (1.0.7) from /Users/user/.rvm/gems/ruby-2.1.0/specifications/jslint_on_rails-1.0.7.gemspec
I, [2014-01-21T18:16:02.295808 #92017]  INFO -- : 0:  launchy (2.1.2) from /Users/user/.rvm/gems/ruby-2.1.0/specifications/launchy-2.1.2.gemspec
I, [2014-01-21T18:16:02.296144 #92017]  INFO -- : 0:  rails-i18n (0.7.0) from /Users/user/.rvm/gems/ruby-2.1.0/specifications/rails-i18n-0.7.0.gemspec
I, [2014-01-21T18:16:02.296480 #92017]  INFO -- : 0:  rdiscount (1.6.8) from /Users/user/.rvm/gems/ruby-2.1.0/specifications/rdiscount-1.6.8.gemspec
I, [2014-01-21T18:16:02.296824 #92017]  INFO -- : 0:  rspec-rails (2.9.0) from /Users/user/.rvm/gems/ruby-2.1.0/specifications/rspec-rails-2.9.0.gemspec
I, [2014-01-21T18:16:02.297186 #92017]  INFO -- : 0:  sass-rails (3.2.5) from /Users/user/.rvm/gems/ruby-2.1.0/specifications/sass-rails-3.2.5.gemspec
I, [2014-01-21T18:16:02.297530 #92017]  INFO -- : 0:  shoulda-matchers (1.0.0) from /Users/user/.rvm/gems/ruby-2.1.0/specifications/shoulda-matchers-1.0.0.gemspec
I, [2014-01-21T18:16:02.297867 #92017]  INFO -- : 0:  simplecov-html (0.7.1) from /Users/user/.rvm/gems/ruby-2.1.0/specifications/simplecov-html-0.7.1.gemspec
I, [2014-01-21T18:16:02.298231 #92017]  INFO -- : 0:  simplecov (0.7.1) from /Users/user/.rvm/gems/ruby-2.1.0/specifications/simplecov-0.7.1.gemspec
I, [2014-01-21T18:16:02.298569 #92017]  INFO -- : 0:  sqlite3 (1.3.6) from /Users/user/.rvm/gems/ruby-2.1.0/specifications/sqlite3-1.3.6.gemspec
I, [2014-01-21T18:16:02.298884 #92017]  INFO -- : 0:  yard (0.8.6.1) from /Users/user/.rvm/gems/ruby-2.1.0/specifications/yard-0.8.6.1.gemspec
I, [2014-01-21T18:17:08.656278 #92337]  INFO -- : 0:  rake (10.1.1) from /Users/user/.rvm/gems/ruby-2.1.0/specifications/rake-10.1.1.gemspec
I, [2014-01-21T18:17:08.658842 #92337]  INFO -- : 0:  i18n (0.6.1) from /Users/user/.rvm/gems/ruby-2.1.0/specifications/i18n-0.6.1.gemspec
I, [2014-01-21T18:17:08.659191 #92337]  INFO -- : 0:  multi_json (1.3.7) from /Users/user/.rvm/gems/ruby-2.1.0/specifications/multi_json-1.3.7.gemspec
I, [2014-01-21T18:17:08.659495 #92337]  INFO -- : 0:  activesupport (3.2.9) from /Users/user/.rvm/gems/ruby-2.1.0/specifications/activesupport-3.2.9.gemspec
I, [2014-01-21T18:17:08.659820 #92337]  INFO -- : 0:  builder (3.0.4) from /Users/user/.rvm/gems/ruby-2.1.0/specifications/builder-3.0.4.gemspec
I, [2014-01-21T18:17:08.660122 #92337]  INFO -- : 0:  activemodel (3.2.9) from /Users/user/.rvm/gems/ruby-2.1.0/specifications/activemodel-3.2.9.gemspec
I, [2014-01-21T18:17:08.660437 #92337]  INFO -- : 0:  erubis (2.7.0) from /Users/user/.rvm/gems/ruby-2.1.0/specifications/erubis-2.7.0.gemspec
I, [2014-01-21T18:17:08.660732 #92337]  INFO -- : 0:  journey (1.0.4) from /Users/user/.rvm/gems/ruby-2.1.0/specifications/journey-1.0.4.gemspec
I, [2014-01-21T18:17:08.661035 #92337]  INFO -- : 0:  rack (1.4.1) from /Users/user/.rvm/gems/ruby-2.1.0/specifications/rack-1.4.1.gemspec
I, [2014-01-21T18:17:08.661345 #92337]  INFO -- : 0:  rack-cache (1.2) from /Users/user/.rvm/gems/ruby-2.1.0/specifications/rack-cache-1.2.gemspec
I, [2014-01-21T18:17:08.661648 #92337]  INFO -- : 0:  rack-test (0.6.2) from /Users/user/.rvm/gems/ruby-2.1.0/specifications/rack-test-0.6.2.gemspec
I, [2014-01-21T18:17:08.661947 #92337]  INFO -- : 0:  hike (1.2.1) from /Users/user/.rvm/gems/ruby-2.1.0/specifications/hike-1.2.1.gemspec
I, [2014-01-21T18:17:08.662234 #92337]  INFO -- : 0:  tilt (1.3.3) from /Users/user/.rvm/gems/ruby-2.1.0/specifications/tilt-1.3.3.gemspec
I, [2014-01-21T18:17:08.662532 #92337]  INFO -- : 0:  sprockets (2.2.1) from /Users/user/.rvm/gems/ruby-2.1.0/specifications/sprockets-2.2.1.gemspec
I, [2014-01-21T18:17:08.662826 #92337]  INFO -- : 0:  actionpack (3.2.9) from /Users/user/.rvm/gems/ruby-2.1.0/specifications/actionpack-3.2.9.gemspec
I, [2014-01-21T18:17:08.663128 #92337]  INFO -- : 0:  mime-types (1.19) from /Users/user/.rvm/gems/ruby-2.1.0/specifications/mime-types-1.19.gemspec
I, [2014-01-21T18:17:08.663439 #92337]  INFO -- : 0:  polyglot (0.3.3) from /Users/user/.rvm/gems/ruby-2.1.0/specifications/polyglot-0.3.3.gemspec
I, [2014-01-21T18:17:08.663764 #92337]  INFO -- : 0:  treetop (1.4.15) from /Users/user/.rvm/gems/ruby-2.1.0/specifications/treetop-1.4.15.gemspec
I, [2014-01-21T18:17:08.664071 #92337]  INFO -- : 0:  mail (2.4.4) from /Users/user/.rvm/gems/ruby-2.1.0/specifications/mail-2.4.4.gemspec
I, [2014-01-21T18:17:08.664384 #92337]  INFO -- : 0:  actionmailer (3.2.9) from /Users/user/.rvm/gems/ruby-2.1.0/specifications/actionmailer-3.2.9.gemspec
I, [2014-01-21T18:17:08.664661 #92337]  INFO -- : 0:  arbre (1.0.1) from /Users/user/.rvm/gems/ruby-2.1.0/specifications/arbre-1.0.1.gemspec
I, [2014-01-21T18:17:08.664942 #92337]  INFO -- : 0:  sass (3.2.3) from /Users/user/.rvm/gems/ruby-2.1.0/specifications/sass-3.2.3.gemspec
I, [2014-01-21T18:17:08.665235 #92337]  INFO -- : 0:  thor (0.16.0) from /Users/user/.rvm/gems/ruby-2.1.0/specifications/thor-0.16.0.gemspec
I, [2014-01-21T18:17:08.665553 #92337]  INFO -- : 0:  bourbon (3.1.3) from /Users/user/.rvm/gems/ruby-2.1.0/specifications/bourbon-3.1.3.gemspec
I, [2014-01-21T18:17:08.665828 #92337]  INFO -- : 0:  bcrypt-ruby (3.1.2) from /Users/user/.rvm/gems/ruby-2.1.0/specifications/bcrypt-ruby-3.1.2.gemspec
I, [2014-01-21T18:17:08.666107 #92337]  INFO -- : 0:  orm_adapter (0.4.0) from /Users/user/.rvm/gems/ruby-2.1.0/specifications/orm_adapter-0.4.0.gemspec
I, [2014-01-21T18:17:08.666390 #92337]  INFO -- : 0:  rack-ssl (1.3.2) from /Users/user/.rvm/gems/ruby-2.1.0/specifications/rack-ssl-1.3.2.gemspec
I, [2014-01-21T18:17:08.666661 #92337]  INFO -- : 0:  json (1.7.5) from /Users/user/.rvm/gems/ruby-2.1.0/specifications/json-1.7.5.gemspec
I, [2014-01-21T18:17:08.666941 #92337]  INFO -- : 0:  rdoc (3.12) from /Users/user/.rvm/gems/ruby-2.1.0/specifications/rdoc-3.12.gemspec
I, [2014-01-21T18:17:08.667230 #92337]  INFO -- : 0:  railties (3.2.9) from /Users/user/.rvm/gems/ruby-2.1.0/specifications/railties-3.2.9.gemspec
I, [2014-01-21T18:17:08.667504 #92337]  INFO -- : 0:  atomic (1.1.14) from /Users/user/.rvm/gems/ruby-2.1.0/specifications/atomic-1.1.14.gemspec
I, [2014-01-21T18:17:08.667793 #92337]  INFO -- : 0:  thread_safe (0.1.3) from /Users/user/.rvm/gems/ruby-2.1.0/specifications/thread_safe-0.1.3.gemspec
I, [2014-01-21T18:17:08.668103 #92337]  INFO -- : 0:  warden (1.2.3) from /Users/user/.rvm/gems/ruby-2.1.0/specifications/warden-1.2.3.gemspec
I, [2014-01-21T18:17:08.668371 #92337]  INFO -- : 0:  devise (3.1.0) from /Users/user/.rvm/gems/ruby-2.1.0/specifications/devise-3.1.0.gemspec
I, [2014-01-21T18:17:08.668689 #92337]  INFO -- : 0:  fastercsv (1.5.5) from /Users/user/.rvm/gems/ruby-2.1.0/specifications/fastercsv-1.5.5.gemspec
I, [2014-01-21T18:17:08.668998 #92337]  INFO -- : 0:  formtastic (2.2.1) from /Users/user/.rvm/gems/ruby-2.1.0/specifications/formtastic-2.2.1.gemspec
I, [2014-01-21T18:17:08.669304 #92337]  INFO -- : 0:  has_scope (0.5.1) from /Users/user/.rvm/gems/ruby-2.1.0/specifications/has_scope-0.5.1.gemspec
I, [2014-01-21T18:17:08.669585 #92337]  INFO -- : 0:  responders (0.9.3) from /Users/user/.rvm/gems/ruby-2.1.0/specifications/responders-0.9.3.gemspec
I, [2014-01-21T18:17:08.669876 #92337]  INFO -- : 0:  inherited_resources (1.3.1) from /Users/user/.rvm/gems/ruby-2.1.0/specifications/inherited_resources-1.3.1.gemspec
I, [2014-01-21T18:17:08.670162 #92337]  INFO -- : 0:  jquery-rails (3.0.4) from /Users/user/.rvm/gems/ruby-2.1.0/specifications/jquery-rails-3.0.4.gemspec
I, [2014-01-21T18:17:08.670450 #92337]  INFO -- : 0:  kaminari (0.14.1) from /Users/user/.rvm/gems/ruby-2.1.0/specifications/kaminari-0.14.1.gemspec
I, [2014-01-21T18:17:08.670737 #92337]  INFO -- : 0:  arel (3.0.2) from /Users/user/.rvm/gems/ruby-2.1.0/specifications/arel-3.0.2.gemspec
I, [2014-01-21T18:17:08.671014 #92337]  INFO -- : 0:  tzinfo (0.3.38) from /Users/user/.rvm/gems/ruby-2.1.0/specifications/tzinfo-0.3.38.gemspec
I, [2014-01-21T18:17:08.671318 #92337]  INFO -- : 0:  activerecord (3.2.9) from /Users/user/.rvm/gems/ruby-2.1.0/specifications/activerecord-3.2.9.gemspec
I, [2014-01-21T18:17:08.671606 #92337]  INFO -- : 0:  polyamorous (0.5.0) from /Users/user/.rvm/gems/ruby-2.1.0/specifications/polyamorous-0.5.0.gemspec
I, [2014-01-21T18:17:08.671893 #92337]  INFO -- : 0:  meta_search (1.1.3) from /Users/user/.rvm/gems/ruby-2.1.0/specifications/meta_search-1.1.3.gemspec
I, [2014-01-21T18:17:08.672174 #92337]  INFO -- : 0:  activeresource (3.2.9) from /Users/user/.rvm/gems/ruby-2.1.0/specifications/activeresource-3.2.9.gemspec
I, [2014-01-21T18:17:08.672457 #92337]  INFO -- : 0:  bundler (1.5.0) from /Users/user/.rvm/gems/ruby-2.1.0@global/specifications/bundler-1.5.0.gemspec
I, [2014-01-21T18:17:08.672739 #92337]  INFO -- : 0:  rails (3.2.9) from /Users/user/.rvm/gems/ruby-2.1.0/specifications/rails-3.2.9.gemspec
I, [2014-01-21T18:17:08.673039 #92337]  INFO -- : 0:  activeadmin (0.6.0) from /Users/user/.rvm/gems/ruby-2.1.0/specifications/activeadmin-0.6.0.gemspec
I, [2014-01-21T18:17:08.682219 #92337]  INFO -- : 0:  htmlentities (4.3.1) from /Users/user/.rvm/gems/ruby-2.1.0/specifications/htmlentities-4.3.1.gemspec
I, [2014-01-21T18:17:08.682636 #92337]  INFO -- : 0:  mini_portile (0.5.1) from /Users/user/.rvm/gems/ruby-2.1.0/specifications/mini_portile-0.5.1.gemspec
I, [2014-01-21T18:17:08.682984 #92337]  INFO -- : 0:  nokogiri (1.6.0) from /Users/user/.rvm/gems/ruby-2.1.0/specifications/nokogiri-1.6.0.gemspec
I, [2014-01-21T18:17:08.683316 #92337]  INFO -- : 0:  rubyzip (1.0.0) from /Users/user/.rvm/gems/ruby-2.1.0/specifications/rubyzip-1.0.0.gemspec
I, [2014-01-21T18:17:08.683645 #92337]  INFO -- : 0:  axlsx (2.0.1) from /Users/user/.rvm/gems/ruby-2.1.0/specifications/axlsx-2.0.1.gemspec
E, [2014-01-21T18:17:08.685398 #92337] ERROR -- : Bundler::GemNotFound: Could not find activeadmin-axlsx-3.0.0.gem for installation
/Users/user/.rvm/gems/ruby-2.1.0@global/gems/bundler-1.5.0/lib/bundler/source/rubygems.rb:149:in `cached_gem'  \n/Users/user/.rvm/gems/ruby-2.1.0@global/gems/bundler-1.5.0/lib/bundler/source/rubygems.rb:84:in `install'  \n/Users/user/.rvm/gems/ruby-2.1.0@global/gems/bundler-1.5.0/lib/bundler/installer.rb:111:in `block in install_gem_from_spec'  \n/Users/user/.rvm/gems/ruby-2.1.0@global/gems/bundler-1.5.0/lib/bundler/rubygems_integration.rb:150:in `with_build_args'  \n/Users/user/.rvm/gems/ruby-2.1.0@global/gems/bundler-1.5.0/lib/bundler/installer.rb:110:in `install_gem_from_spec'  \n/Users/user/.rvm/gems/ruby-2.1.0@global/gems/bundler-1.5.0/lib/bundler/installer.rb:295:in `block in install_sequentially'  \n/Users/user/.rvm/rubies/ruby-2.1.0/lib/ruby/2.1.0/forwardable.rb:183:in `each'  \n/Users/user/.rvm/rubies/ruby-2.1.0/lib/ruby/2.1.0/forwardable.rb:183:in `each'  \n/Users/user/.rvm/gems/ruby-2.1.0@global/gems/bundler-1.5.0/lib/bundler/installer.rb:294:in `install_sequentially'  \n/Users/user/.rvm/gems/ruby-2.1.0@global/gems/bundler-1.5.0/lib/bundler/installer.rb:97:in `run'  \n/Users/user/.rvm/gems/ruby-2.1.0@global/gems/bundler-1.5.0/lib/bundler/installer.rb:15:in `install'  \n/Users/user/.rvm/gems/ruby-2.1.0@global/gems/bundler-1.5.0/lib/bundler/cli.rb:257:in `install'  \n/Users/user/.rvm/gems/ruby-2.1.0@global/gems/bundler-1.5.0/lib/bundler/vendor/thor/command.rb:27:in `run'  \n/Users/user/.rvm/gems/ruby-2.1.0@global/gems/bundler-1.5.0/lib/bundler/vendor/thor/invocation.rb:120:in `invoke_command'  \n/Users/user/.rvm/gems/ruby-2.1.0@global/gems/bundler-1.5.0/lib/bundler/vendor/thor.rb:363:in `dispatch'  \n/Users/user/.rvm/gems/ruby-2.1.0@global/gems/bundler-1.5.0/lib/bundler/vendor/thor/base.rb:438:in `start'  \n/Users/user/.rvm/gems/ruby-2.1.0@global/gems/bundler-1.5.0/lib/bundler/cli.rb:10:in `start'  \n/Users/user/.rvm/gems/ruby-2.1.0@global/gems/bundler-1.5.0/bin/bundle:22:in `block in <main>'  \n/Users/user/.rvm/gems/ruby-2.1.0@global/gems/bundler-1.5.0/lib/bundler/friendly_errors.rb:5:in `with_friendly_errors'  \n/Users/user/.rvm/gems/ruby-2.1.0@global/gems/bundler-1.5.0/bin/bundle:22:in `<main>'
